\BOOKMARK [0][-]{Doc-Start}{Remerciements}{}% 1
\BOOKMARK [0][-]{chapter*.1}{Table des mati\350res}{}% 2
\BOOKMARK [0][-]{chapter.1}{Pr\351sentation}{}% 3
\BOOKMARK [1][-]{section.1.1}{Le LORIA}{chapter.1}% 4
\BOOKMARK [1][-]{section.1.2}{La "Programmer's Learning Machine"}{chapter.1}% 5
\BOOKMARK [2][-]{subsection.1.2.1}{La PLM en tant qu'application lourde}{section.1.2}% 6
\BOOKMARK [2][-]{subsection.1.2.2}{Portage web de la PLM}{section.1.2}% 7
\BOOKMARK [0][-]{chapter.2}{Probl\351matique du stage}{}% 8
\BOOKMARK [1][-]{section.2.1}{Contexte du stage}{chapter.2}% 9
\BOOKMARK [1][-]{section.2.2}{Objectifs du stage}{chapter.2}% 10
\BOOKMARK [0][-]{chapter.3}{R\351alisation}{}% 11
\BOOKMARK [1][-]{section.3.1}{Environnement de r\351alisation}{chapter.3}% 12
\BOOKMARK [1][-]{section.3.2}{M\351thode de r\351alisation}{chapter.3}% 13
\BOOKMARK [2][-]{subsection.3.2.1}{Mod\350le global envisag\351}{section.3.2}% 14
\BOOKMARK [2][-]{subsection.3.2.2}{Cr\351ation des juges}{section.3.2}% 15
\BOOKMARK [2][-]{subsection.3.2.3}{Utilisation des juges}{section.3.2}% 16
\BOOKMARK [2][-]{subsection.3.2.4}{Etude d'un mode d\351bug}{section.3.2}% 17
\BOOKMARK [2][-]{subsection.3.2.5}{Utilisation de Docker}{section.3.2}% 18
\BOOKMARK [2][-]{subsection.3.2.6}{Documentation du code existant}{section.3.2}% 19
\BOOKMARK [2][-]{subsection.3.2.7}{Ajout d'op\351rations de logging}{section.3.2}% 20
\BOOKMARK [2][-]{subsection.3.2.8}{Standardisation des donn\351es}{section.3.2}% 21
\BOOKMARK [2][-]{subsection.3.2.9}{Pr\351-g\351n\351ration des donn\351es}{section.3.2}% 22
\BOOKMARK [2][-]{subsection.3.2.10}{Nettoyage de la PLM}{section.3.2}% 23
\BOOKMARK [2][-]{subsection.3.2.11}{Mise en place d'un Security Manager}{section.3.2}% 24
\BOOKMARK [1][-]{section.3.3}{R\351sultats obtenus}{chapter.3}% 25
\BOOKMARK [2][-]{subsection.3.3.1}{Mod\350le final}{section.3.3}% 26
\BOOKMARK [0][-]{chapter.4}{R\351sultats}{}% 27
\BOOKMARK [1][-]{section.4.1}{Bilan}{chapter.4}% 28
\BOOKMARK [1][-]{section.4.2}{Am\351liorations pr\351vues}{chapter.4}% 29
\BOOKMARK [1][-]{section.4.3}{Am\351liorations possibles}{chapter.4}% 30
\BOOKMARK [0][-]{section.4.3}{R\351sum\351}{}% 31
\BOOKMARK [0][-]{section.4.3}{Abstract}{}% 32
